<?xml version="1.0" encoding="UTF-8"?>
<testsuites name="Release_V1.0" time="50.138" tests="2" failures="0" errors="0">
   <testsuite name="Release_V1.0" tests="2" failures="0" errors="0" time="50.138" skipped="0" timestamp="26-02-2024T15:25:20" hostname="syidi - Syidik" id="Test Suites/Release_V1.0">
      <properties>
         <property name="deviceName" value=""/>
         <property name="devicePlatform" value=""/>
         <property name="logFolder" value="C:\\Users\\syidi\\Katalon Studio\\FinalProject2-Syidik\\Reports\\20240226_152513\\Release_V1.0\\20240226_152514"/>
         <property name="logFiles" value="C:\\Users\\syidi\\Katalon Studio\\FinalProject2-Syidik\\Reports\\20240226_152513\\Release_V1.0\\20240226_152514\\execution0.log"/>
         <property name="attachments" value=""/>
         <property name="hostName" value="syidi - Syidik"/>
         <property name="os" value="Windows 11 64bit"/>
         <property name="katalonVersion" value="9.3.0.212"/>
         <property name="browser" value="Chrome 122.0.0.0"/>
         <property name="hostAddress" value="192.168.1.12"/>
         <property name="sessionId" value="26d42938e2360fcad091fd8141072c39"/>
         <property name="seleniumVersion" value="3.141.59"/>
         <property name="proxyInformation" value="ProxyInformation { proxyOption=NO_PROXY, proxyServerType=HTTP, username=, password=********, proxyServerAddress=, proxyServerPort=0, executionList=&quot;&quot;, isApplyToDesiredCapabilities=true }"/>
         <property name="platform" value="Windows 11"/>
      </properties>
      <testcase name="Test Cases/TC - 01" time="25.165" classname="Test Cases/TC - 01" status="PASSED">
         <system-out><![CDATA[26-02-2024T15:25:20 - [TEST_CASE][PASSED] - Test Cases/TC - 01: Test Cases/TC - 01

26-02-2024T15:25:20 - [TEST_STEP][PASSED] - openBrowser(""): Browser is opened with url: ''

26-02-2024T15:25:20 - [MESSAGE][INFO] - Starting 'Chrome' driver

26-02-2024T15:25:20 - [MESSAGE][INFO] - Action delay is set to 0 milliseconds

26-02-2024T15:25:21 - [MESSAGE][PASSED] - Browser is opened with url: ''

26-02-2024T15:25:21 - [TEST_STEP][PASSED] - navigateToUrl("https://demo.applitools.com/"): Navigate to 'https://demo.applitools.com/' successfully

26-02-2024T15:25:40 - [MESSAGE][PASSED] - Navigate to 'https://demo.applitools.com/' successfully

26-02-2024T15:25:40 - [TEST_STEP][PASSED] - username = "syidik": null

26-02-2024T15:25:40 - [TEST_STEP][PASSED] - password = "syidik": null

26-02-2024T15:25:40 - [TEST_STEP][PASSED] - callTestCase(findTestCase("Test Cases/Main Test Cases/Variable"), ["Username":username, "Password":password], STOP_ON_FAILURE): Call Test Case 'Test Cases/Main Test Cases/Variable' successfully

26-02-2024T15:25:41 - [TEST_CASE][PASSED] - Test Cases/Main Test Cases/Variable: Test Cases/Main Test Cases/Variable

26-02-2024T15:25:41 - [TEST_STEP][PASSED] - setText(findTestObject("Object Repository/Page_ACME Demo App by Applitools/input username"), Username): Text 'syidik' is set on object 'Object Repository/Page_ACME Demo App by Applitools/input username'

26-02-2024T15:25:42 - [MESSAGE][PASSED] - Text 'syidik' is set on object 'Object Repository/Page_ACME Demo App by Applitools/input username'

26-02-2024T15:25:42 - [TEST_STEP][PASSED] - setText(findTestObject("Object Repository/Page_ACME Demo App by Applitools/input password"), Password): Text 'syidik' is set on object 'Object Repository/Page_ACME Demo App by Applitools/input password'

26-02-2024T15:25:42 - [MESSAGE][PASSED] - Text 'syidik' is set on object 'Object Repository/Page_ACME Demo App by Applitools/input password'

26-02-2024T15:25:42 - [MESSAGE][PASSED] - Call Test Case 'Test Cases/Main Test Cases/Variable' successfully

26-02-2024T15:25:42 - [TEST_STEP][PASSED] - click(findTestObject("Object Repository/Page_ACME Demo App by Applitools/Button Login")): Object: 'Object Repository/Page_ACME Demo App by Applitools/Button Login' is clicked on

26-02-2024T15:25:43 - [MESSAGE][PASSED] - Object: 'Object Repository/Page_ACME Demo App by Applitools/Button Login' is clicked on

26-02-2024T15:25:43 - [TEST_STEP][PASSED] - verifyElementPresent(findTestObject("Object Repository/Page_ACME demo app/Button Add Account"), 10, OPTIONAL): Object 'Object Repository/Page_ACME demo app/Button Add Account' is present

26-02-2024T15:25:44 - [MESSAGE][PASSED] - Object 'Object Repository/Page_ACME demo app/Button Add Account' is present

26-02-2024T15:25:44 - [TEST_STEP][PASSED] - verifyElementPresent(findTestObject("Object Repository/Page_ACME demo app/Button Make Payment"), 10, OPTIONAL): Object 'Object Repository/Page_ACME demo app/Button Make Payment' is present

26-02-2024T15:25:44 - [MESSAGE][PASSED] - Object 'Object Repository/Page_ACME demo app/Button Make Payment' is present

26-02-2024T15:25:44 - [TEST_STEP][PASSED] - verifyElementPresent(findTestObject("Object Repository/Page_ACME demo app/Label Financial Overview"), 10, OPTIONAL): Object 'Object Repository/Page_ACME demo app/Label Financial Overview' is present

26-02-2024T15:25:44 - [MESSAGE][PASSED] - Object 'Object Repository/Page_ACME demo app/Label Financial Overview' is present

26-02-2024T15:25:44 - [TEST_STEP][PASSED] - verifyElementPresent(findTestObject("Object Repository/Page_ACME demo app/Label Recent Transactions"), 10, OPTIONAL): Object 'Object Repository/Page_ACME demo app/Label Recent Transactions' is present

26-02-2024T15:25:45 - [MESSAGE][PASSED] - Object 'Object Repository/Page_ACME demo app/Label Recent Transactions' is present

26-02-2024T15:25:45 - [TEST_STEP][PASSED] - closeBrowser(): Browser is closed

26-02-2024T15:25:45 - [MESSAGE][PASSED] - Browser is closed]]></system-out>
         <system-err><![CDATA[]]></system-err>
      </testcase>
      <testcase name="Test Cases/TC - 02" time="24.838" classname="Test Cases/TC - 02" status="PASSED">
         <system-out><![CDATA[26-02-2024T15:25:45 - [TEST_CASE][PASSED] - Test Cases/TC - 02: Test Cases/TC - 02

26-02-2024T15:25:45 - [TEST_STEP][PASSED] - openBrowser(""): Browser is opened with url: ''

26-02-2024T15:25:45 - [MESSAGE][INFO] - Starting 'Chrome' driver

26-02-2024T15:25:45 - [MESSAGE][INFO] - Action delay is set to 0 milliseconds

26-02-2024T15:25:46 - [MESSAGE][PASSED] - Browser is opened with url: ''

26-02-2024T15:25:46 - [TEST_STEP][PASSED] - navigateToUrl("https://demo.applitools.com/"): Navigate to 'https://demo.applitools.com/' successfully

26-02-2024T15:26:05 - [MESSAGE][PASSED] - Navigate to 'https://demo.applitools.com/' successfully

26-02-2024T15:26:05 - [TEST_STEP][PASSED] - username = "raka": null

26-02-2024T15:26:05 - [TEST_STEP][PASSED] - password = "raka": null

26-02-2024T15:26:05 - [TEST_STEP][PASSED] - callTestCase(findTestCase("Test Cases/Main Test Cases/Variable"), ["Username":username, "Password":password], STOP_ON_FAILURE): Call Test Case 'Test Cases/Main Test Cases/Variable' successfully

26-02-2024T15:26:05 - [TEST_CASE][PASSED] - Test Cases/Main Test Cases/Variable: Test Cases/Main Test Cases/Variable

26-02-2024T15:26:05 - [TEST_STEP][PASSED] - setText(findTestObject("Object Repository/Page_ACME Demo App by Applitools/input username"), Username): Text 'raka' is set on object 'Object Repository/Page_ACME Demo App by Applitools/input username'

26-02-2024T15:26:06 - [MESSAGE][PASSED] - Text 'raka' is set on object 'Object Repository/Page_ACME Demo App by Applitools/input username'

26-02-2024T15:26:06 - [TEST_STEP][PASSED] - setText(findTestObject("Object Repository/Page_ACME Demo App by Applitools/input password"), Password): Text 'raka' is set on object 'Object Repository/Page_ACME Demo App by Applitools/input password'

26-02-2024T15:26:06 - [MESSAGE][PASSED] - Text 'raka' is set on object 'Object Repository/Page_ACME Demo App by Applitools/input password'

26-02-2024T15:26:06 - [MESSAGE][PASSED] - Call Test Case 'Test Cases/Main Test Cases/Variable' successfully

26-02-2024T15:26:06 - [TEST_STEP][PASSED] - click(findTestObject("Object Repository/Page_ACME Demo App by Applitools/Button Login")): Object: 'Object Repository/Page_ACME Demo App by Applitools/Button Login' is clicked on

26-02-2024T15:26:08 - [MESSAGE][PASSED] - Object: 'Object Repository/Page_ACME Demo App by Applitools/Button Login' is clicked on

26-02-2024T15:26:08 - [TEST_STEP][PASSED] - verifyElementPresent(findTestObject("Object Repository/Page_ACME demo app/Button Add Account"), 10, OPTIONAL): Object 'Object Repository/Page_ACME demo app/Button Add Account' is present

26-02-2024T15:26:09 - [MESSAGE][PASSED] - Object 'Object Repository/Page_ACME demo app/Button Add Account' is present

26-02-2024T15:26:09 - [TEST_STEP][PASSED] - verifyElementPresent(findTestObject("Object Repository/Page_ACME demo app/Button Make Payment"), 10, OPTIONAL): Object 'Object Repository/Page_ACME demo app/Button Make Payment' is present

26-02-2024T15:26:09 - [MESSAGE][PASSED] - Object 'Object Repository/Page_ACME demo app/Button Make Payment' is present

26-02-2024T15:26:09 - [TEST_STEP][PASSED] - verifyElementPresent(findTestObject("Object Repository/Page_ACME demo app/Label Financial Overview"), 10, OPTIONAL): Object 'Object Repository/Page_ACME demo app/Label Financial Overview' is present

26-02-2024T15:26:09 - [MESSAGE][PASSED] - Object 'Object Repository/Page_ACME demo app/Label Financial Overview' is present

26-02-2024T15:26:09 - [TEST_STEP][PASSED] - verifyElementPresent(findTestObject("Object Repository/Page_ACME demo app/Label Recent Transactions"), 10, OPTIONAL): Object 'Object Repository/Page_ACME demo app/Label Recent Transactions' is present

26-02-2024T15:26:10 - [MESSAGE][PASSED] - Object 'Object Repository/Page_ACME demo app/Label Recent Transactions' is present

26-02-2024T15:26:10 - [TEST_STEP][PASSED] - closeBrowser(): Browser is closed

26-02-2024T15:26:10 - [MESSAGE][PASSED] - Browser is closed]]></system-out>
         <system-err><![CDATA[]]></system-err>
      </testcase>
      <system-out><![CDATA[26-02-2024T15:25:20 - [TEST_SUITE][PASSED] - Release_V1.0: Test Cases/TC - 02]]></system-out>
      <system-err><![CDATA[]]></system-err>
   </testsuite>
</testsuites>
